<?xml version="1.0" encoding="utf-8"?><testsuites name="pytest tests"><testsuite name="pytest" errors="0" failures="0" skipped="0" tests="79" time="0.721" timestamp="2026-07-31T23:26:43.574527+00:00" hostname="agent-env-19abf87e-6a21-46a9-b433-26503f26fa83"><testcase classname="tests.test_bug012_manual_bonus_race" name="test_bug012_manual_added_after_refill_wins" time="0.055" /><testcase classname="tests.test_bug012_manual_bonus_race" name="test_bug012_manual_added_between_two_items" time="0.010" /><testcase classname="tests.test_bug012_manual_bonus_race" name="test_bug012_dedup_takes_priority_over_manual" time="0.011" /><testcase classname="tests.test_bug012_manual_bonus_race" name="test_bug012_worker_step_sequence_in_dashboard" time="0.000" /><testcase classname="tests.test_bug013_portable_build" name="test_frozen_layout_seeds_folders" time="0.188" /><testcase classname="tests.test_bug013_portable_build" name="test_frozen_layout_seeds_folders_without_pyside" time="0.002" /><testcase classname="tests.test_bug013_portable_build" name="test_spec_bundles_required_assets" time="0.000" /><testcase classname="tests.test_bug013_portable_build" name="test_build_bat_installs_chromium_into_local_pw_browsers" time="0.000" /><testcase classname="tests.test_bug014_logger_fallback" name="test_logger_writes_file_when_writable" time="0.001" /><testcase classname="tests.test_bug014_logger_fallback" name="test_logger_falls_back_when_file_handler_raises" time="0.001" /><testcase classname="tests.test_bug014_logger_fallback" name="test_logger_survives_unwritable_dir" time="0.001" /><testcase classname="tests.test_bug015_daily_bonus_transaction_date" name="test_parse_transaction_date_common_formats[2025-07-19 14:44-expected0]" time="0.000" /><testcase classname="tests.test_bug015_daily_bonus_transaction_date" name="test_parse_transaction_date_common_formats[2025-07-19 14:44:00-expected1]" time="0.000" /><testcase classname="tests.test_bug015_daily_bonus_transaction_date" name="test_parse_transaction_date_common_formats[2025-07-19-expected2]" time="0.000" /><testcase classname="tests.test_bug015_daily_bonus_transaction_date" name="test_parse_transaction_date_common_formats[2025/07/19 23:56-expected3]" time="0.001" /><testcase classname="tests.test_bug015_daily_bonus_transaction_date" name="test_parse_transaction_date_common_formats[19 Jul 2025 14:44-expected4]" time="0.001" /><testcase classname="tests.test_bug015_daily_bonus_transaction_date" name="test_parse_transaction_date_common_formats[19 Jul 14:44-expected5]" time="0.000" /><testcase classname="tests.test_bug015_daily_bonus_transaction_date" name="test_parse_transaction_date_common_formats[Jul 19 2025 14:44-expected6]" time="0.000" /><testcase classname="tests.test_bug015_daily_bonus_transaction_date" name="test_parse_transaction_date_common_formats[Jul 19 14:44-expected7]" time="0.000" /><testcase classname="tests.test_bug015_daily_bonus_transaction_date" name="test_parse_transaction_date_common_formats[19/07/2025 14:44-expected8]" time="0.000" /><testcase classname="tests.test_bug015_daily_bonus_transaction_date" name="test_parse_transaction_date_common_formats[19-07-2025-expected9]" time="0.000" /><testcase classname="tests.test_bug015_daily_bonus_transaction_date" name="test_parse_transaction_date_common_formats[07/19/2025-expected10]" time="0.000" /><testcase classname="tests.test_bug015_daily_bonus_transaction_date" name="test_parse_transaction_date_common_formats[07/09/2025-expected11]" time="0.000" /><testcase classname="tests.test_bug015_daily_bonus_transaction_date" name="test_parse_transaction_date_rejects_garbage" time="0.000" /><testcase classname="tests.test_bug015_daily_bonus_transaction_date" name="test_daily_bonus_for_transaction_date_ignores_processed_at" time="0.013" /><testcase classname="tests.test_bug015_daily_bonus_transaction_date" name="test_daily_bonus_ignores_non_success_rows" time="0.014" /><testcase classname="tests.test_bug015_daily_bonus_transaction_date" name="test_backfill_migration_populates_timestamp_date" time="0.013" /><testcase classname="tests.test_existing_behaviour" name="test_dedup_via_primary_key" time="0.011" /><testcase classname="tests.test_existing_behaviour" name="test_daily_bonus_map_uses_processed_at" time="0.012" /><testcase classname="tests.test_existing_behaviour" name="test_queue_manager_uses_transaction_date_for_daily_bonus" time="0.012" /><testcase classname="tests.test_existing_behaviour" name="test_queue_manager_preview_rebuilt_each_refill" time="0.011" /><testcase classname="tests.test_existing_behaviour" name="test_export_csv_and_backup" time="0.012" /><testcase classname="tests.test_existing_behaviour" name="test_vacuum_marks_meta" time="0.014" /><testcase classname="tests.test_v12_config_validator" name="test_valid_environment_reports_all_ok" time="0.001" /><testcase classname="tests.test_v12_config_validator" name="test_missing_config_file_flagged" time="0.001" /><testcase classname="tests.test_v12_config_validator" name="test_corrupt_config_json_flagged" time="0.001" /><testcase classname="tests.test_v12_config_validator" name="test_panel_url_scheme_validated" time="0.001" /><testcase classname="tests.test_v12_config_validator" name="test_empty_panel_url_gives_hint" time="0.001" /><testcase classname="tests.test_v12_config_validator" name="test_missing_credentials_flagged" time="0.001" /><testcase classname="tests.test_v12_config_validator" name="test_credentials_missing_fields_flagged" time="0.001" /><testcase classname="tests.test_v12_config_validator" name="test_bad_bonus_rules_flagged" time="0.002" /><testcase classname="tests.test_v12_config_validator" name="test_summary_is_readable" time="0.001" /><testcase classname="tests.test_v12_crash_state" name="test_load_returns_default_when_file_absent" time="0.000" /><testcase classname="tests.test_v12_crash_state" name="test_load_returns_default_when_file_corrupt" time="0.001" /><testcase classname="tests.test_v12_crash_state" name="test_save_and_load_round_trip" time="0.001" /><testcase classname="tests.test_v12_crash_state" name="test_mark_dirty_forces_clean_exit_false" time="0.001" /><testcase classname="tests.test_v12_crash_state" name="test_mark_clean_exit_flips_flag" time="0.001" /><testcase classname="tests.test_v12_crash_state" name="test_save_is_atomic" time="0.001" /><testcase classname="tests.test_v12_crash_state" name="test_unknown_keys_in_saved_file_are_ignored" time="0.001" /><testcase classname="tests.test_v12_health" name="test_snapshot_returns_pass_when_healthy" time="0.009" /><testcase classname="tests.test_v12_health" name="test_snapshot_marks_failed_when_sqlite_probe_returns_false" time="0.000" /><testcase classname="tests.test_v12_health" name="test_snapshot_never_raises_when_probes_crash" time="0.000" /><testcase classname="tests.test_v12_health" name="test_warning_on_extra_browser_context" time="0.000" /><testcase classname="tests.test_v12_health" name="test_warning_on_qtimer_growth" time="0.000" /><testcase classname="tests.test_v12_health" name="test_history_capped_at_60" time="0.003" /><testcase classname="tests.test_v12_health" name="test_collect_versions_returns_readable_dict" time="0.002" /><testcase classname="tests.test_v12_health" name="test_collect_versions_reads_chromium_from_pw_browsers" time="0.001" /><testcase classname="tests.test_v12_health" name="test_snapshot_ts_is_populated" time="0.000" /><testcase classname="tests.test_v12_maintenance" name="test_startup_maintenance_runs_wal_and_optimize_without_vacuum" time="0.013" /><testcase classname="tests.test_v12_maintenance" name="test_full_maintenance_retention_purge" time="0.016" /><testcase classname="tests.test_v12_maintenance" name="test_full_maintenance_without_retention_or_vacuum" time="0.017" /><testcase classname="tests.test_v12_maintenance" name="test_full_maintenance_with_vacuum" time="0.019" /><testcase classname="tests.test_v12_maintenance" name="test_integrity_check_returns_ok_on_fresh_db" time="0.013" /><testcase classname="tests.test_v12_maintenance" name="test_cleanup_logs_removes_files_older_than_days" time="0.014" /><testcase classname="tests.test_v12_maintenance" name="test_cleanup_logs_fifo_when_over_limit" time="0.013" /><testcase classname="tests.test_v12_maintenance" name="test_cleanup_screenshots_removes_old_files_only" time="0.013" /><testcase classname="tests.test_v12_maintenance" name="test_maintenance_report_summary_lines" time="0.013" /><testcase classname="tests.test_v12_maintenance" name="test_database_new_helpers_are_no_ops_on_success" time="0.012" /><testcase classname="tests.test_v12_maintenance" name="test_database_count_older_than" time="0.013" /><testcase classname="tests.test_v12_recovery" name="test_default_ladder_matches_contract" time="0.000" /><testcase classname="tests.test_v12_recovery" name="test_retry_ladder_succeeds_on_first_attempt" time="0.000" /><testcase classname="tests.test_v12_recovery" name="test_retry_ladder_succeeds_after_two_failures" time="0.000" /><testcase classname="tests.test_v12_recovery" name="test_retry_ladder_exhausts_after_full_ladder" time="0.000" /><testcase classname="tests.test_v12_recovery" name="test_retry_ladder_only_retries_selected_exceptions" time="0.000" /><testcase classname="tests.test_v12_recovery" name="test_retry_ladder_accepts_custom_ladder" time="0.000" /><testcase classname="tests.test_v12_recovery" name="test_on_retry_callback_never_breaks_ladder" time="0.000" /><testcase classname="tests.test_v12_recovery" name="test_safe_run_returns_default_and_logs_stack_trace" time="0.001" /><testcase classname="tests.test_v12_recovery" name="test_safe_run_returns_value_on_success_and_does_not_log" time="0.000" /><testcase classname="tests.test_v12_recovery" name="test_safe_run_prints_to_stderr_when_no_logger" time="0.001" /></testsuite></testsuites>