<?xml version="1.0" encoding="utf-8"?><testsuites name="pytest tests"><testsuite name="pytest" errors="0" failures="0" skipped="1" tests="33" time="0.359" timestamp="2026-07-31T15:32:32.313478+00:00" hostname="agent-env-35772353-6d7b-4e8f-9289-2dc37d2a9201"><testcase classname="tests.test_bug012_manual_bonus_race" name="test_bug012_manual_added_after_refill_wins" time="0.055" /><testcase classname="tests.test_bug012_manual_bonus_race" name="test_bug012_manual_added_between_two_items" time="0.012" /><testcase classname="tests.test_bug012_manual_bonus_race" name="test_bug012_dedup_takes_priority_over_manual" time="0.012" /><testcase classname="tests.test_bug012_manual_bonus_race" name="test_bug012_worker_step_sequence_in_dashboard" time="0.000" /><testcase classname="tests.test_bug013_portable_build" name="test_frozen_layout_seeds_folders" time="0.001"><skipped type="pytest.skip" message="could not import 'PySide6': No module named 'PySide6'">/app/repo/tests/test_bug013_portable_build.py:68: could not import 'PySide6': No module named 'PySide6'</skipped></testcase><testcase classname="tests.test_bug013_portable_build" name="test_frozen_layout_seeds_folders_without_pyside" time="0.002" /><testcase classname="tests.test_bug013_portable_build" name="test_spec_bundles_required_assets" time="0.000" /><testcase classname="tests.test_bug013_portable_build" name="test_build_bat_installs_chromium_into_local_pw_browsers" time="0.000" /><testcase classname="tests.test_bug014_logger_fallback" name="test_logger_writes_file_when_writable" time="0.001" /><testcase classname="tests.test_bug014_logger_fallback" name="test_logger_falls_back_when_file_handler_raises" time="0.001" /><testcase classname="tests.test_bug014_logger_fallback" name="test_logger_survives_unwritable_dir" time="0.001" /><testcase classname="tests.test_bug015_daily_bonus_transaction_date" name="test_parse_transaction_date_common_formats[2025-07-19 14:44-expected0]" time="0.000" /><testcase classname="tests.test_bug015_daily_bonus_transaction_date" name="test_parse_transaction_date_common_formats[2025-07-19 14:44:00-expected1]" time="0.000" /><testcase classname="tests.test_bug015_daily_bonus_transaction_date" name="test_parse_transaction_date_common_formats[2025-07-19-expected2]" time="0.000" /><testcase classname="tests.test_bug015_daily_bonus_transaction_date" name="test_parse_transaction_date_common_formats[2025/07/19 23:56-expected3]" time="0.008" /><testcase classname="tests.test_bug015_daily_bonus_transaction_date" name="test_parse_transaction_date_common_formats[19 Jul 2025 14:44-expected4]" time="0.001" /><testcase classname="tests.test_bug015_daily_bonus_transaction_date" name="test_parse_transaction_date_common_formats[19 Jul 14:44-expected5]" time="0.000" /><testcase classname="tests.test_bug015_daily_bonus_transaction_date" name="test_parse_transaction_date_common_formats[Jul 19 2025 14:44-expected6]" time="0.000" /><testcase classname="tests.test_bug015_daily_bonus_transaction_date" name="test_parse_transaction_date_common_formats[Jul 19 14:44-expected7]" time="0.000" /><testcase classname="tests.test_bug015_daily_bonus_transaction_date" name="test_parse_transaction_date_common_formats[19/07/2025 14:44-expected8]" time="0.000" /><testcase classname="tests.test_bug015_daily_bonus_transaction_date" name="test_parse_transaction_date_common_formats[19-07-2025-expected9]" time="0.000" /><testcase classname="tests.test_bug015_daily_bonus_transaction_date" name="test_parse_transaction_date_common_formats[07/19/2025-expected10]" time="0.000" /><testcase classname="tests.test_bug015_daily_bonus_transaction_date" name="test_parse_transaction_date_common_formats[07/09/2025-expected11]" time="0.000" /><testcase classname="tests.test_bug015_daily_bonus_transaction_date" name="test_parse_transaction_date_rejects_garbage" time="0.000" /><testcase classname="tests.test_bug015_daily_bonus_transaction_date" name="test_daily_bonus_for_transaction_date_ignores_processed_at" time="0.015" /><testcase classname="tests.test_bug015_daily_bonus_transaction_date" name="test_daily_bonus_ignores_non_success_rows" time="0.017" /><testcase classname="tests.test_bug015_daily_bonus_transaction_date" name="test_backfill_migration_populates_timestamp_date" time="0.020" /><testcase classname="tests.test_existing_behaviour" name="test_dedup_via_primary_key" time="0.015" /><testcase classname="tests.test_existing_behaviour" name="test_daily_bonus_map_uses_processed_at" time="0.014" /><testcase classname="tests.test_existing_behaviour" name="test_queue_manager_uses_transaction_date_for_daily_bonus" time="0.014" /><testcase classname="tests.test_existing_behaviour" name="test_queue_manager_preview_rebuilt_each_refill" time="0.014" /><testcase classname="tests.test_existing_behaviour" name="test_export_csv_and_backup" time="0.014" /><testcase classname="tests.test_existing_behaviour" name="test_vacuum_marks_meta" time="0.017" /></testsuite></testsuites>